Build started 3/6/2013 2:55:39 AM.
     1>Project "C:\Users\anon\MuPDF.WinRT\ThirdParty\mupdf\win32\mujstest-v8.vcxproj" on node 8 (Rebuild target(s)).
     1>ClCompile:
         C:\Program Files (x86)\Microsoft Visual Studio 11.0\VC\bin\CL.exe /c /I..\fitz /I..\pdf /I..\xps /I..\cbz /ZI /nologo /W3 /WX- /Od /Oy- /D FT2_BUILD_LIBRARY /D OPJ_STATIC /D DEBUG=1 /D _MBCS /Gm /EHsc /RTC1 /MTd /GS /fp:precise /Zc:wchar_t /Zc:forScope /Fo"Debug\mujstest-v8\\" /Fd"Debug\mujstest-v8\vc110.pdb" /Gd /TC /analyze- /errorReport:prompt ..\apps\jstest_main.c ..\apps\pdfapp.c
         pdfapp.c
         jstest_main.c
         Generating Code...
       Link:
         C:\Program Files (x86)\Microsoft Visual Studio 11.0\VC\bin\link.exe /ERRORREPORT:PROMPT /OUT:"Debug\mujstest-v8.exe" /NOLOGO /LIBPATH:"..\thirdparty\v8-3.9\build\Debug\lib\\" v8_base.lib v8_snapshot.lib ws2_32.lib winmm.lib kernel32.lib user32.lib gdi32.lib winspool.lib comdlg32.lib advapi32.lib shell32.lib ole32.lib oleaut32.lib uuid.lib odbc32.lib odbccp32.lib /MANIFEST /MANIFESTUAC:"level='asInvoker' uiAccess='false'" /manifest:embed /DEBUG /PDB:"Debug\mujstest-v8.pdb" /TLBID:1 /DYNAMICBASE /NXCOMPAT /IMPLIB:"Debug\mujstest-v8.lib" /MACHINE:X86 /SAFESEH /FORCE "Debug\mujstest-v8\jstest_main.obj"
         "Debug\mujstest-v8\pdfapp.obj"
         C:\Users\anon\MuPDF.WinRT\ThirdParty\mupdf\win32\Debug\libmupdf.lib
         "C:\Users\anon\MuPDF.WinRT\ThirdParty\mupdf\win32\Debug\libmupdf-v8.lib"
         C:\Users\anon\MuPDF.WinRT\ThirdParty\mupdf\win32\Debug\libthirdparty.lib
     1>LINK : fatal error LNK1181: cannot open input file 'v8_base.lib'
     1>Done Building Project "C:\Users\anon\MuPDF.WinRT\ThirdParty\mupdf\win32\mujstest-v8.vcxproj" (Rebuild target(s)) -- FAILED.

Build FAILED.

Time Elapsed 00:00:00.43
